==84092== Memcheck, a memory error detector
==84092== Copyright (C) 2002-2017, and GNU GPL'd, by Julian Seward et al.
==84092== Using Valgrind-3.18.1 and LibVEX; rerun with -h for copyright info
==84092== Command: ./minishell
==84092== Parent PID: 84091
==84092== 
==84092== 
==84092== HEAP SUMMARY:
==84092==     in use at exit: 212,295 bytes in 227 blocks
==84092==   total heap usage: 456 allocs, 229 frees, 234,635 bytes allocated
==84092== 
==84092== LEAK SUMMARY:
==84092==    definitely lost: 0 bytes in 0 blocks
==84092==    indirectly lost: 0 bytes in 0 blocks
==84092==      possibly lost: 0 bytes in 0 blocks
==84092==    still reachable: 0 bytes in 0 blocks
==84092==         suppressed: 212,295 bytes in 227 blocks
==84092== 
==84092== For lists of detected and suppressed errors, rerun with: -s
==84092== ERROR SUMMARY: 0 errors from 0 contexts (suppressed: 0 from 0)
